Environment variables:
  - Apple_PubSub_Socket_Render=/private/tmp/com.apple.launchd.uLAWLHIXxd/Render
  - HOME=/Users/johanchapelain
  - JAVA_ARCH=x86_64
  - JAVA_MAIN_CLASS_38099=org.sonarsource.scanner.cli.Main
  - LC_CTYPE=en_US.UTF-8
  - LESS=-R
  - LOGNAME=johanchapelain
  - LSCOLORS=Gxfxcxdxbxegedabagacad
  - PAGER=less
  - PATH=/Users/johanchapelain/PycharmProjects/LapinMalin/venv/bin:/Users/johanchapelain/.rvm/gems/ruby-2.4.1/bin:/Users/johanchapelain/.rvm/gems/ruby-2.4.1@global/bin:/Users/johanchapelain/.rvm/rubies/ruby-2.4.1/bin:/usr/local/bin:/usr/bin:/bin:/usr/sbin:/sbin:/Users/johanchapelain/.rvm/bin
  - PWD=/Users/johanchapelain/PycharmProjects/LapinMalin
  - SHELL=/bin/zsh
  - SHLVL=1
  - SONAR_SCANNER_HOME=/usr/local/Cellar/sonar-scanner/3.2.0.1227/libexec
  - SSH_AUTH_SOCK=/private/tmp/com.apple.launchd.vVyf2Jx11n/Listeners
  - TERM=xterm-256color
  - TMPDIR=/var/folders/3v/94j0bx7d5rg_s_hxkl7w25880000gn/T/
  - USER=johanchapelain
  - VIRTUAL_ENV=/Users/johanchapelain/PycharmProjects/LapinMalin/venv
  - XPC_FLAGS=0x0
  - XPC_SERVICE_NAME=0
  - ZDOTDIR=
  - ZSH=/Users/johanchapelain/.oh-my-zsh
  - __CF_USER_TEXT_ENCODING=0x1F5:0x0:0x1
  - _system_arch=x86_64
  - _system_name=OSX
  - _system_type=Darwin
  - _system_version=10.14
  - com.apple.java.jvmTask=CommandLine
  - rvm_bin_path=/Users/johanchapelain/.rvm/bin
  - rvm_path=/Users/johanchapelain/.rvm
  - rvm_prefix=/Users/johanchapelain
  - rvm_version=1.29.3 (latest)
System properties:
  - awt.toolkit=sun.lwawt.macosx.LWCToolkit
  - file.encoding=UTF-8
  - file.encoding.pkg=sun.io
  - file.separator=/
  - ftp.nonProxyHosts=local|*.local|169.254/16|*.169.254/16
  - gopherProxySet=false
  - http.nonProxyHosts=local|*.local|169.254/16|*.169.254/16
  - java.awt.graphicsenv=sun.awt.CGraphicsEnvironment
  - java.awt.headless=true
  - java.awt.printerjob=sun.lwawt.macosx.CPrinterJob
  - java.class.path=/usr/local/Cellar/sonar-scanner/3.2.0.1227/libexec/lib/sonar-scanner-cli-3.2.0.1227.jar
  - java.class.version=54.0
  - java.home=/Library/Java/JavaVirtualMachines/jdk-10.0.1.jdk/Contents/Home
  - java.io.tmpdir=/var/folders/3v/94j0bx7d5rg_s_hxkl7w25880000gn/T/
  - java.library.path=/Users/johanchapelain/Library/Java/Extensions:/Library/Java/Extensions:/Network/Library/Java/Extensions:/System/Library/Java/Extensions:/usr/lib/java:.
  - java.runtime.name=Java(TM) SE Runtime Environment
  - java.runtime.version=10.0.1+10
  - java.specification.name=Java Platform API Specification
  - java.specification.vendor=Oracle Corporation
  - java.specification.version=10
  - java.vendor=Oracle Corporation
  - java.vendor.url=http://java.oracle.com/
  - java.vendor.url.bug=http://bugreport.java.com/bugreport/
  - java.vendor.version=18.3
  - java.version=10.0.1
  - java.version.date=2018-04-17
  - java.vm.compressedOopsMode=Zero based
  - java.vm.info=mixed mode
  - java.vm.name=Java HotSpot(TM) 64-Bit Server VM
  - java.vm.specification.name=Java Virtual Machine Specification
  - java.vm.specification.vendor=Oracle Corporation
  - java.vm.specification.version=10
  - java.vm.vendor="Oracle Corporation"
  - java.vm.version=10.0.1+10
  - jdk.debug=release
  - line.separator=

  - os.arch=x86_64
  - os.name=Mac OS X
  - os.version=10.14
  - path.separator=:
  - project.home=/Users/johanchapelain/PycharmProjects/LapinMalin
  - scanner.home=/usr/local/Cellar/sonar-scanner/3.2.0.1227/libexec
  - socksNonProxyHosts=local|*.local|169.254/16|*.169.254/16
  - sun.arch.data.model=64
  - sun.boot.library.path=/Library/Java/JavaVirtualMachines/jdk-10.0.1.jdk/Contents/Home/lib
  - sun.cpu.endian=little
  - sun.cpu.isalist=
  - sun.io.unicode.encoding=UnicodeBig
  - sun.java.command=org.sonarsource.scanner.cli.Main -X
  - sun.java.launcher=SUN_STANDARD
  - sun.jnu.encoding=UTF-8
  - sun.management.compiler=HotSpot 64-Bit Tiered Compilers
  - sun.os.patch.level=unknown
  - user.country=FR
  - user.dir=/Users/johanchapelain/PycharmProjects/LapinMalin
  - user.home=/Users/johanchapelain
  - user.language=fr
  - user.name=johanchapelain
  - user.timezone=Europe/Paris
SonarQube plugins:
  - SonarC# 6.5.0.3766 (csharp)
  - SonarPython 1.8.0.1496 (python)
  - SonarJava 4.15.0.12310 (java)
  - Flex 2.3 (flex)
  - SonarQube :: Plugins :: SCM :: Git 1.3.0.869 (scmgit)
  - SonarXML 1.4.3.1027 (xml)
  - SonarPHP 2.11.0.2485 (php)
  - SonarTS 1.1.0.1079 (typescript)
  - SonarQube :: Plugins :: SCM :: SVN 1.6.0.860 (scmsvn)
  - SonarJS 3.2.0.5506 (javascript)
Global properties:
  - sonar.core.id=BF41A1F2-AWV__MOBx3S6yMsAUpN7
  - sonar.core.startTime=2018-09-20T12:58:59+0200
Settings for module: lapinmalinkey
  - sonar.host.url=http://localhost:9000
  - sonar.projectBaseDir=/Users/johanchapelain/PycharmProjects/LapinMalin
  - sonar.projectKey=lapinmalinkey
  - sonar.projectName=SmartRabbit
  - sonar.projectVersion=1.0
  - sonar.scanner.app=ScannerCli
  - sonar.scanner.appVersion=3.2.0.1227
  - sonar.sourceEncoding=UTF-8
  - sonar.sources=.
  - sonar.verbose=true
  - sonar.working.directory=/Users/johanchapelain/PycharmProjects/LapinMalin/.scannerwork
